<?xml version="1.0" encoding="UTF-8"?>
<testsuite xmlns:xsi="http://www.w3.org/2001/XMLSchema-instance" xsi:noNamespaceSchemaLocation="https://maven.apache.org/surefire/maven-surefire-plugin/xsd/surefire-test-report.xsd" name="com.anu.bootflux.BootfluxApplicationTests" time="38.77" tests="1" errors="0" skipped="0" failures="0">
  <properties>
    <property name="sun.desktop" value="gnome"/>
    <property name="awt.toolkit" value="sun.awt.X11.XToolkit"/>
    <property name="file.encoding.pkg" value="sun.io"/>
    <property name="java.specification.version" value="1.8"/>
    <property name="sun.cpu.isalist" value=""/>
    <property name="sun.jnu.encoding" value="UTF-8"/>
    <property name="java.class.path" value="/home/anupam/development/java/photon/works/bootflux/target/test-classes:/home/anupam/development/java/photon/works/bootflux/target/classes:/home/anupam/development/maven/mavenrepo/org/springframework/boot/spring-boot-starter-actuator/2.1.1.RELEASE/spring-boot-starter-actuator-2.1.1.RELEASE.jar:/home/anupam/development/maven/mavenrepo/org/springframework/boot/spring-boot-starter/2.1.1.RELEASE/spring-boot-starter-2.1.1.RELEASE.jar:/home/anupam/development/maven/mavenrepo/org/springframework/boot/spring-boot/2.1.1.RELEASE/spring-boot-2.1.1.RELEASE.jar:/home/anupam/development/maven/mavenrepo/org/springframework/boot/spring-boot-autoconfigure/2.1.1.RELEASE/spring-boot-autoconfigure-2.1.1.RELEASE.jar:/home/anupam/development/maven/mavenrepo/org/springframework/boot/spring-boot-starter-logging/2.1.1.RELEASE/spring-boot-starter-logging-2.1.1.RELEASE.jar:/home/anupam/development/maven/mavenrepo/ch/qos/logback/logback-classic/1.2.3/logback-classic-1.2.3.jar:/home/anupam/development/maven/mavenrepo/ch/qos/logback/logback-core/1.2.3/logback-core-1.2.3.jar:/home/anupam/development/maven/mavenrepo/org/apache/logging/log4j/log4j-to-slf4j/2.11.1/log4j-to-slf4j-2.11.1.jar:/home/anupam/development/maven/mavenrepo/org/apache/logging/log4j/log4j-api/2.11.1/log4j-api-2.11.1.jar:/home/anupam/development/maven/mavenrepo/org/slf4j/jul-to-slf4j/1.7.25/jul-to-slf4j-1.7.25.jar:/home/anupam/development/maven/mavenrepo/javax/annotation/javax.annotation-api/1.3.2/javax.annotation-api-1.3.2.jar:/home/anupam/development/maven/mavenrepo/org/yaml/snakeyaml/1.23/snakeyaml-1.23.jar:/home/anupam/development/maven/mavenrepo/org/springframework/boot/spring-boot-actuator-autoconfigure/2.1.1.RELEASE/spring-boot-actuator-autoconfigure-2.1.1.RELEASE.jar:/home/anupam/development/maven/mavenrepo/org/springframework/boot/spring-boot-actuator/2.1.1.RELEASE/spring-boot-actuator-2.1.1.RELEASE.jar:/home/anupam/development/maven/mavenrepo/com/fasterxml/jackson/core/jackson-databind/2.9.7/jackson-databind-2.9.7.jar:/home/anupam/development/maven/mavenrepo/com/fasterxml/jackson/core/jackson-annotations/2.9.0/jackson-annotations-2.9.0.jar:/home/anupam/development/maven/mavenrepo/com/fasterxml/jackson/core/jackson-core/2.9.7/jackson-core-2.9.7.jar:/home/anupam/development/maven/mavenrepo/org/springframework/spring-context/5.1.3.RELEASE/spring-context-5.1.3.RELEASE.jar:/home/anupam/development/maven/mavenrepo/com/fasterxml/jackson/datatype/jackson-datatype-jsr310/2.9.7/jackson-datatype-jsr310-2.9.7.jar:/home/anupam/development/maven/mavenrepo/io/micrometer/micrometer-core/1.1.1/micrometer-core-1.1.1.jar:/home/anupam/development/maven/mavenrepo/org/hdrhistogram/HdrHistogram/2.1.9/HdrHistogram-2.1.9.jar:/home/anupam/development/maven/mavenrepo/org/latencyutils/LatencyUtils/2.0.3/LatencyUtils-2.0.3.jar:/home/anupam/development/maven/mavenrepo/io/micrometer/micrometer-registry-prometheus/1.1.1/micrometer-registry-prometheus-1.1.1.jar:/home/anupam/development/maven/mavenrepo/io/prometheus/simpleclient_common/0.5.0/simpleclient_common-0.5.0.jar:/home/anupam/development/maven/mavenrepo/io/prometheus/simpleclient/0.5.0/simpleclient-0.5.0.jar:/home/anupam/development/maven/mavenrepo/org/springframework/boot/spring-boot-starter-webflux/2.1.1.RELEASE/spring-boot-starter-webflux-2.1.1.RELEASE.jar:/home/anupam/development/maven/mavenrepo/org/springframework/boot/spring-boot-starter-json/2.1.1.RELEASE/spring-boot-starter-json-2.1.1.RELEASE.jar:/home/anupam/development/maven/mavenrepo/com/fasterxml/jackson/datatype/jackson-datatype-jdk8/2.9.7/jackson-datatype-jdk8-2.9.7.jar:/home/anupam/development/maven/mavenrepo/com/fasterxml/jackson/module/jackson-module-parameter-names/2.9.7/jackson-module-parameter-names-2.9.7.jar:/home/anupam/development/maven/mavenrepo/org/springframework/boot/spring-boot-starter-reactor-netty/2.1.1.RELEASE/spring-boot-starter-reactor-netty-2.1.1.RELEASE.jar:/home/anupam/development/maven/mavenrepo/io/projectreactor/netty/reactor-netty/0.8.3.RELEASE/reactor-netty-0.8.3.RELEASE.jar:/home/anupam/development/maven/mavenrepo/io/netty/netty-codec-http/4.1.31.Final/netty-codec-http-4.1.31.Final.jar:/home/anupam/development/maven/mavenrepo/io/netty/netty-codec/4.1.31.Final/netty-codec-4.1.31.Final.jar:/home/anupam/development/maven/mavenrepo/io/netty/netty-codec-http2/4.1.31.Final/netty-codec-http2-4.1.31.Final.jar:/home/anupam/development/maven/mavenrepo/io/netty/netty-handler/4.1.31.Final/netty-handler-4.1.31.Final.jar:/home/anupam/development/maven/mavenrepo/io/netty/netty-buffer/4.1.31.Final/netty-buffer-4.1.31.Final.jar:/home/anupam/development/maven/mavenrepo/io/netty/netty-transport/4.1.31.Final/netty-transport-4.1.31.Final.jar:/home/anupam/development/maven/mavenrepo/io/netty/netty-resolver/4.1.31.Final/netty-resolver-4.1.31.Final.jar:/home/anupam/development/maven/mavenrepo/io/netty/netty-handler-proxy/4.1.31.Final/netty-handler-proxy-4.1.31.Final.jar:/home/anupam/development/maven/mavenrepo/io/netty/netty-codec-socks/4.1.31.Final/netty-codec-socks-4.1.31.Final.jar:/home/anupam/development/maven/mavenrepo/io/netty/netty-transport-native-epoll/4.1.31.Final/netty-transport-native-epoll-4.1.31.Final-linux-x86_64.jar:/home/anupam/development/maven/mavenrepo/io/netty/netty-common/4.1.31.Final/netty-common-4.1.31.Final.jar:/home/anupam/development/maven/mavenrepo/io/netty/netty-transport-native-unix-common/4.1.31.Final/netty-transport-native-unix-common-4.1.31.Final.jar:/home/anupam/development/maven/mavenrepo/org/hibernate/validator/hibernate-validator/6.0.13.Final/hibernate-validator-6.0.13.Final.jar:/home/anupam/development/maven/mavenrepo/javax/validation/validation-api/2.0.1.Final/validation-api-2.0.1.Final.jar:/home/anupam/development/maven/mavenrepo/org/jboss/logging/jboss-logging/3.3.2.Final/jboss-logging-3.3.2.Final.jar:/home/anupam/development/maven/mavenrepo/com/fasterxml/classmate/1.4.0/classmate-1.4.0.jar:/home/anupam/development/maven/mavenrepo/org/springframework/spring-web/5.1.3.RELEASE/spring-web-5.1.3.RELEASE.jar:/home/anupam/development/maven/mavenrepo/org/springframework/spring-beans/5.1.3.RELEASE/spring-beans-5.1.3.RELEASE.jar:/home/anupam/development/maven/mavenrepo/org/springframework/spring-webflux/5.1.3.RELEASE/spring-webflux-5.1.3.RELEASE.jar:/home/anupam/development/maven/mavenrepo/org/synchronoss/cloud/nio-multipart-parser/1.1.0/nio-multipart-parser-1.1.0.jar:/home/anupam/development/maven/mavenrepo/org/slf4j/slf4j-api/1.7.25/slf4j-api-1.7.25.jar:/home/anupam/development/maven/mavenrepo/org/synchronoss/cloud/nio-stream-storage/1.1.3/nio-stream-storage-1.1.3.jar:/home/anupam/development/maven/mavenrepo/org/springframework/boot/spring-boot-starter-test/2.1.1.RELEASE/spring-boot-starter-test-2.1.1.RELEASE.jar:/home/anupam/development/maven/mavenrepo/org/springframework/boot/spring-boot-test/2.1.1.RELEASE/spring-boot-test-2.1.1.RELEASE.jar:/home/anupam/development/maven/mavenrepo/org/springframework/boot/spring-boot-test-autoconfigure/2.1.1.RELEASE/spring-boot-test-autoconfigure-2.1.1.RELEASE.jar:/home/anupam/development/maven/mavenrepo/com/jayway/jsonpath/json-path/2.4.0/json-path-2.4.0.jar:/home/anupam/development/maven/mavenrepo/net/minidev/json-smart/2.3/json-smart-2.3.jar:/home/anupam/development/maven/mavenrepo/net/minidev/accessors-smart/1.2/accessors-smart-1.2.jar:/home/anupam/development/maven/mavenrepo/org/ow2/asm/asm/5.0.4/asm-5.0.4.jar:/home/anupam/development/maven/mavenrepo/junit/junit/4.12/junit-4.12.jar:/home/anupam/development/maven/mavenrepo/org/assertj/assertj-core/3.11.1/assertj-core-3.11.1.jar:/home/anupam/development/maven/mavenrepo/org/mockito/mockito-core/2.23.4/mockito-core-2.23.4.jar:/home/anupam/development/maven/mavenrepo/net/bytebuddy/byte-buddy/1.9.5/byte-buddy-1.9.5.jar:/home/anupam/development/maven/mavenrepo/net/bytebuddy/byte-buddy-agent/1.9.5/byte-buddy-agent-1.9.5.jar:/home/anupam/development/maven/mavenrepo/org/objenesis/objenesis/2.6/objenesis-2.6.jar:/home/anupam/development/maven/mavenrepo/org/hamcrest/hamcrest-core/1.3/hamcrest-core-1.3.jar:/home/anupam/development/maven/mavenrepo/org/hamcrest/hamcrest-library/1.3/hamcrest-library-1.3.jar:/home/anupam/development/maven/mavenrepo/org/skyscreamer/jsonassert/1.5.0/jsonassert-1.5.0.jar:/home/anupam/development/maven/mavenrepo/com/vaadin/external/google/android-json/0.0.20131108.vaadin1/android-json-0.0.20131108.vaadin1.jar:/home/anupam/development/maven/mavenrepo/org/springframework/spring-core/5.1.3.RELEASE/spring-core-5.1.3.RELEASE.jar:/home/anupam/development/maven/mavenrepo/org/springframework/spring-jcl/5.1.3.RELEASE/spring-jcl-5.1.3.RELEASE.jar:/home/anupam/development/maven/mavenrepo/org/springframework/spring-test/5.1.3.RELEASE/spring-test-5.1.3.RELEASE.jar:/home/anupam/development/maven/mavenrepo/org/xmlunit/xmlunit-core/2.6.2/xmlunit-core-2.6.2.jar:/home/anupam/development/maven/mavenrepo/io/projectreactor/reactor-test/3.2.3.RELEASE/reactor-test-3.2.3.RELEASE.jar:/home/anupam/development/maven/mavenrepo/io/projectreactor/reactor-core/3.2.3.RELEASE/reactor-core-3.2.3.RELEASE.jar:/home/anupam/development/maven/mavenrepo/org/reactivestreams/reactive-streams/1.0.2/reactive-streams-1.0.2.jar:/home/anupam/development/maven/mavenrepo/org/springframework/security/spring-security-test/5.1.2.RELEASE/spring-security-test-5.1.2.RELEASE.jar:/home/anupam/development/maven/mavenrepo/org/springframework/security/spring-security-core/5.1.2.RELEASE/spring-security-core-5.1.2.RELEASE.jar:/home/anupam/development/maven/mavenrepo/org/springframework/spring-aop/5.1.3.RELEASE/spring-aop-5.1.3.RELEASE.jar:/home/anupam/development/maven/mavenrepo/org/springframework/spring-expression/5.1.3.RELEASE/spring-expression-5.1.3.RELEASE.jar:/home/anupam/development/maven/mavenrepo/org/springframework/security/spring-security-web/5.1.2.RELEASE/spring-security-web-5.1.2.RELEASE.jar:"/>
    <property name="java.vm.vendor" value="Oracle Corporation"/>
    <property name="sun.arch.data.model" value="64"/>
    <property name="java.vendor.url" value="http://java.oracle.com/"/>
    <property name="user.timezone" value=""/>
    <property name="java.vm.specification.version" value="1.8"/>
    <property name="os.name" value="Linux"/>
    <property name="user.country" value="IN"/>
    <property name="sun.java.launcher" value="SUN_STANDARD"/>
    <property name="sun.boot.library.path" value="/usr/lib/jvm/java-8-oracle/jre/lib/amd64"/>
    <property name="sun.java.command" value="/home/anupam/development/java/photon/works/bootflux/target/surefire/surefirebooter7927535163922510094.jar /home/anupam/development/java/photon/works/bootflux/target/surefire 2018-12-04T00-29-34_947-jvmRun1 surefire4331339954609419838tmp surefire_06251232016088387481tmp"/>
    <property name="surefire.test.class.path" value="/home/anupam/development/java/photon/works/bootflux/target/test-classes:/home/anupam/development/java/photon/works/bootflux/target/classes:/home/anupam/development/maven/mavenrepo/org/springframework/boot/spring-boot-starter-actuator/2.1.1.RELEASE/spring-boot-starter-actuator-2.1.1.RELEASE.jar:/home/anupam/development/maven/mavenrepo/org/springframework/boot/spring-boot-starter/2.1.1.RELEASE/spring-boot-starter-2.1.1.RELEASE.jar:/home/anupam/development/maven/mavenrepo/org/springframework/boot/spring-boot/2.1.1.RELEASE/spring-boot-2.1.1.RELEASE.jar:/home/anupam/development/maven/mavenrepo/org/springframework/boot/spring-boot-autoconfigure/2.1.1.RELEASE/spring-boot-autoconfigure-2.1.1.RELEASE.jar:/home/anupam/development/maven/mavenrepo/org/springframework/boot/spring-boot-starter-logging/2.1.1.RELEASE/spring-boot-starter-logging-2.1.1.RELEASE.jar:/home/anupam/development/maven/mavenrepo/ch/qos/logback/logback-classic/1.2.3/logback-classic-1.2.3.jar:/home/anupam/development/maven/mavenrepo/ch/qos/logback/logback-core/1.2.3/logback-core-1.2.3.jar:/home/anupam/development/maven/mavenrepo/org/apache/logging/log4j/log4j-to-slf4j/2.11.1/log4j-to-slf4j-2.11.1.jar:/home/anupam/development/maven/mavenrepo/org/apache/logging/log4j/log4j-api/2.11.1/log4j-api-2.11.1.jar:/home/anupam/development/maven/mavenrepo/org/slf4j/jul-to-slf4j/1.7.25/jul-to-slf4j-1.7.25.jar:/home/anupam/development/maven/mavenrepo/javax/annotation/javax.annotation-api/1.3.2/javax.annotation-api-1.3.2.jar:/home/anupam/development/maven/mavenrepo/org/yaml/snakeyaml/1.23/snakeyaml-1.23.jar:/home/anupam/development/maven/mavenrepo/org/springframework/boot/spring-boot-actuator-autoconfigure/2.1.1.RELEASE/spring-boot-actuator-autoconfigure-2.1.1.RELEASE.jar:/home/anupam/development/maven/mavenrepo/org/springframework/boot/spring-boot-actuator/2.1.1.RELEASE/spring-boot-actuator-2.1.1.RELEASE.jar:/home/anupam/development/maven/mavenrepo/com/fasterxml/jackson/core/jackson-databind/2.9.7/jackson-databind-2.9.7.jar:/home/anupam/development/maven/mavenrepo/com/fasterxml/jackson/core/jackson-annotations/2.9.0/jackson-annotations-2.9.0.jar:/home/anupam/development/maven/mavenrepo/com/fasterxml/jackson/core/jackson-core/2.9.7/jackson-core-2.9.7.jar:/home/anupam/development/maven/mavenrepo/org/springframework/spring-context/5.1.3.RELEASE/spring-context-5.1.3.RELEASE.jar:/home/anupam/development/maven/mavenrepo/com/fasterxml/jackson/datatype/jackson-datatype-jsr310/2.9.7/jackson-datatype-jsr310-2.9.7.jar:/home/anupam/development/maven/mavenrepo/io/micrometer/micrometer-core/1.1.1/micrometer-core-1.1.1.jar:/home/anupam/development/maven/mavenrepo/org/hdrhistogram/HdrHistogram/2.1.9/HdrHistogram-2.1.9.jar:/home/anupam/development/maven/mavenrepo/org/latencyutils/LatencyUtils/2.0.3/LatencyUtils-2.0.3.jar:/home/anupam/development/maven/mavenrepo/io/micrometer/micrometer-registry-prometheus/1.1.1/micrometer-registry-prometheus-1.1.1.jar:/home/anupam/development/maven/mavenrepo/io/prometheus/simpleclient_common/0.5.0/simpleclient_common-0.5.0.jar:/home/anupam/development/maven/mavenrepo/io/prometheus/simpleclient/0.5.0/simpleclient-0.5.0.jar:/home/anupam/development/maven/mavenrepo/org/springframework/boot/spring-boot-starter-webflux/2.1.1.RELEASE/spring-boot-starter-webflux-2.1.1.RELEASE.jar:/home/anupam/development/maven/mavenrepo/org/springframework/boot/spring-boot-starter-json/2.1.1.RELEASE/spring-boot-starter-json-2.1.1.RELEASE.jar:/home/anupam/development/maven/mavenrepo/com/fasterxml/jackson/datatype/jackson-datatype-jdk8/2.9.7/jackson-datatype-jdk8-2.9.7.jar:/home/anupam/development/maven/mavenrepo/com/fasterxml/jackson/module/jackson-module-parameter-names/2.9.7/jackson-module-parameter-names-2.9.7.jar:/home/anupam/development/maven/mavenrepo/org/springframework/boot/spring-boot-starter-reactor-netty/2.1.1.RELEASE/spring-boot-starter-reactor-netty-2.1.1.RELEASE.jar:/home/anupam/development/maven/mavenrepo/io/projectreactor/netty/reactor-netty/0.8.3.RELEASE/reactor-netty-0.8.3.RELEASE.jar:/home/anupam/development/maven/mavenrepo/io/netty/netty-codec-http/4.1.31.Final/netty-codec-http-4.1.31.Final.jar:/home/anupam/development/maven/mavenrepo/io/netty/netty-codec/4.1.31.Final/netty-codec-4.1.31.Final.jar:/home/anupam/development/maven/mavenrepo/io/netty/netty-codec-http2/4.1.31.Final/netty-codec-http2-4.1.31.Final.jar:/home/anupam/development/maven/mavenrepo/io/netty/netty-handler/4.1.31.Final/netty-handler-4.1.31.Final.jar:/home/anupam/development/maven/mavenrepo/io/netty/netty-buffer/4.1.31.Final/netty-buffer-4.1.31.Final.jar:/home/anupam/development/maven/mavenrepo/io/netty/netty-transport/4.1.31.Final/netty-transport-4.1.31.Final.jar:/home/anupam/development/maven/mavenrepo/io/netty/netty-resolver/4.1.31.Final/netty-resolver-4.1.31.Final.jar:/home/anupam/development/maven/mavenrepo/io/netty/netty-handler-proxy/4.1.31.Final/netty-handler-proxy-4.1.31.Final.jar:/home/anupam/development/maven/mavenrepo/io/netty/netty-codec-socks/4.1.31.Final/netty-codec-socks-4.1.31.Final.jar:/home/anupam/development/maven/mavenrepo/io/netty/netty-transport-native-epoll/4.1.31.Final/netty-transport-native-epoll-4.1.31.Final-linux-x86_64.jar:/home/anupam/development/maven/mavenrepo/io/netty/netty-common/4.1.31.Final/netty-common-4.1.31.Final.jar:/home/anupam/development/maven/mavenrepo/io/netty/netty-transport-native-unix-common/4.1.31.Final/netty-transport-native-unix-common-4.1.31.Final.jar:/home/anupam/development/maven/mavenrepo/org/hibernate/validator/hibernate-validator/6.0.13.Final/hibernate-validator-6.0.13.Final.jar:/home/anupam/development/maven/mavenrepo/javax/validation/validation-api/2.0.1.Final/validation-api-2.0.1.Final.jar:/home/anupam/development/maven/mavenrepo/org/jboss/logging/jboss-logging/3.3.2.Final/jboss-logging-3.3.2.Final.jar:/home/anupam/development/maven/mavenrepo/com/fasterxml/classmate/1.4.0/classmate-1.4.0.jar:/home/anupam/development/maven/mavenrepo/org/springframework/spring-web/5.1.3.RELEASE/spring-web-5.1.3.RELEASE.jar:/home/anupam/development/maven/mavenrepo/org/springframework/spring-beans/5.1.3.RELEASE/spring-beans-5.1.3.RELEASE.jar:/home/anupam/development/maven/mavenrepo/org/springframework/spring-webflux/5.1.3.RELEASE/spring-webflux-5.1.3.RELEASE.jar:/home/anupam/development/maven/mavenrepo/org/synchronoss/cloud/nio-multipart-parser/1.1.0/nio-multipart-parser-1.1.0.jar:/home/anupam/development/maven/mavenrepo/org/slf4j/slf4j-api/1.7.25/slf4j-api-1.7.25.jar:/home/anupam/development/maven/mavenrepo/org/synchronoss/cloud/nio-stream-storage/1.1.3/nio-stream-storage-1.1.3.jar:/home/anupam/development/maven/mavenrepo/org/springframework/boot/spring-boot-starter-test/2.1.1.RELEASE/spring-boot-starter-test-2.1.1.RELEASE.jar:/home/anupam/development/maven/mavenrepo/org/springframework/boot/spring-boot-test/2.1.1.RELEASE/spring-boot-test-2.1.1.RELEASE.jar:/home/anupam/development/maven/mavenrepo/org/springframework/boot/spring-boot-test-autoconfigure/2.1.1.RELEASE/spring-boot-test-autoconfigure-2.1.1.RELEASE.jar:/home/anupam/development/maven/mavenrepo/com/jayway/jsonpath/json-path/2.4.0/json-path-2.4.0.jar:/home/anupam/development/maven/mavenrepo/net/minidev/json-smart/2.3/json-smart-2.3.jar:/home/anupam/development/maven/mavenrepo/net/minidev/accessors-smart/1.2/accessors-smart-1.2.jar:/home/anupam/development/maven/mavenrepo/org/ow2/asm/asm/5.0.4/asm-5.0.4.jar:/home/anupam/development/maven/mavenrepo/junit/junit/4.12/junit-4.12.jar:/home/anupam/development/maven/mavenrepo/org/assertj/assertj-core/3.11.1/assertj-core-3.11.1.jar:/home/anupam/development/maven/mavenrepo/org/mockito/mockito-core/2.23.4/mockito-core-2.23.4.jar:/home/anupam/development/maven/mavenrepo/net/bytebuddy/byte-buddy/1.9.5/byte-buddy-1.9.5.jar:/home/anupam/development/maven/mavenrepo/net/bytebuddy/byte-buddy-agent/1.9.5/byte-buddy-agent-1.9.5.jar:/home/anupam/development/maven/mavenrepo/org/objenesis/objenesis/2.6/objenesis-2.6.jar:/home/anupam/development/maven/mavenrepo/org/hamcrest/hamcrest-core/1.3/hamcrest-core-1.3.jar:/home/anupam/development/maven/mavenrepo/org/hamcrest/hamcrest-library/1.3/hamcrest-library-1.3.jar:/home/anupam/development/maven/mavenrepo/org/skyscreamer/jsonassert/1.5.0/jsonassert-1.5.0.jar:/home/anupam/development/maven/mavenrepo/com/vaadin/external/google/android-json/0.0.20131108.vaadin1/android-json-0.0.20131108.vaadin1.jar:/home/anupam/development/maven/mavenrepo/org/springframework/spring-core/5.1.3.RELEASE/spring-core-5.1.3.RELEASE.jar:/home/anupam/development/maven/mavenrepo/org/springframework/spring-jcl/5.1.3.RELEASE/spring-jcl-5.1.3.RELEASE.jar:/home/anupam/development/maven/mavenrepo/org/springframework/spring-test/5.1.3.RELEASE/spring-test-5.1.3.RELEASE.jar:/home/anupam/development/maven/mavenrepo/org/xmlunit/xmlunit-core/2.6.2/xmlunit-core-2.6.2.jar:/home/anupam/development/maven/mavenrepo/io/projectreactor/reactor-test/3.2.3.RELEASE/reactor-test-3.2.3.RELEASE.jar:/home/anupam/development/maven/mavenrepo/io/projectreactor/reactor-core/3.2.3.RELEASE/reactor-core-3.2.3.RELEASE.jar:/home/anupam/development/maven/mavenrepo/org/reactivestreams/reactive-streams/1.0.2/reactive-streams-1.0.2.jar:/home/anupam/development/maven/mavenrepo/org/springframework/security/spring-security-test/5.1.2.RELEASE/spring-security-test-5.1.2.RELEASE.jar:/home/anupam/development/maven/mavenrepo/org/springframework/security/spring-security-core/5.1.2.RELEASE/spring-security-core-5.1.2.RELEASE.jar:/home/anupam/development/maven/mavenrepo/org/springframework/spring-aop/5.1.3.RELEASE/spring-aop-5.1.3.RELEASE.jar:/home/anupam/development/maven/mavenrepo/org/springframework/spring-expression/5.1.3.RELEASE/spring-expression-5.1.3.RELEASE.jar:/home/anupam/development/maven/mavenrepo/org/springframework/security/spring-security-web/5.1.2.RELEASE/spring-security-web-5.1.2.RELEASE.jar:"/>
    <property name="sun.cpu.endian" value="little"/>
    <property name="user.home" value="/home/anupam"/>
    <property name="user.language" value="en"/>
    <property name="java.specification.vendor" value="Oracle Corporation"/>
    <property name="java.home" value="/usr/lib/jvm/java-8-oracle/jre"/>
    <property name="basedir" value="/home/anupam/development/java/photon/works/bootflux"/>
    <property name="file.separator" value="/"/>
    <property name="line.separator" value="&#10;"/>
    <property name="java.vm.specification.vendor" value="Oracle Corporation"/>
    <property name="java.specification.name" value="Java Platform API Specification"/>
    <property name="java.awt.graphicsenv" value="sun.awt.X11GraphicsEnvironment"/>
    <property name="surefire.real.class.path" value="/home/anupam/development/java/photon/works/bootflux/target/surefire/surefirebooter7927535163922510094.jar"/>
    <property name="sun.boot.class.path" value="/usr/lib/jvm/java-8-oracle/jre/lib/resources.jar:/usr/lib/jvm/java-8-oracle/jre/lib/rt.jar:/usr/lib/jvm/java-8-oracle/jre/lib/sunrsasign.jar:/usr/lib/jvm/java-8-oracle/jre/lib/jsse.jar:/usr/lib/jvm/java-8-oracle/jre/lib/jce.jar:/usr/lib/jvm/java-8-oracle/jre/lib/charsets.jar:/usr/lib/jvm/java-8-oracle/jre/lib/jfr.jar:/usr/lib/jvm/java-8-oracle/jre/classes"/>
    <property name="sun.management.compiler" value="HotSpot 64-Bit Tiered Compilers"/>
    <property name="java.runtime.version" value="1.8.0_181-b13"/>
    <property name="user.name" value="anupam"/>
    <property name="path.separator" value=":"/>
    <property name="os.version" value="4.15.0-39-generic"/>
    <property name="java.endorsed.dirs" value="/usr/lib/jvm/java-8-oracle/jre/lib/endorsed"/>
    <property name="java.runtime.name" value="Java(TM) SE Runtime Environment"/>
    <property name="file.encoding" value="UTF-8"/>
    <property name="java.vm.name" value="Java HotSpot(TM) 64-Bit Server VM"/>
    <property name="localRepository" value="/home/anupam/development/maven/mavenrepo"/>
    <property name="java.vendor.url.bug" value="http://bugreport.sun.com/bugreport/"/>
    <property name="java.io.tmpdir" value="/tmp"/>
    <property name="java.version" value="1.8.0_181"/>
    <property name="user.dir" value="/home/anupam/development/java/photon/works/bootflux"/>
    <property name="os.arch" value="amd64"/>
    <property name="java.vm.specification.name" value="Java Virtual Machine Specification"/>
    <property name="java.awt.printerjob" value="sun.print.PSPrinterJob"/>
    <property name="sun.os.patch.level" value="unknown"/>
    <property name="java.library.path" value="/usr/java/packages/lib/amd64:/usr/lib64:/lib64:/lib:/usr/lib"/>
    <property name="java.vm.info" value="mixed mode"/>
    <property name="java.vendor" value="Oracle Corporation"/>
    <property name="java.vm.version" value="25.181-b13"/>
    <property name="java.ext.dirs" value="/usr/lib/jvm/java-8-oracle/jre/lib/ext:/usr/java/packages/lib/ext"/>
    <property name="sun.io.unicode.encoding" value="UnicodeLittle"/>
    <property name="java.class.version" value="52.0"/>
  </properties>
  <testcase name="contextLoads" classname="com.anu.bootflux.BootfluxApplicationTests" time="3.947"/>
</testsuite>